<?xml version="1.0" encoding="UTF-8"?>
<coverage generated="1731329525157" clover="3.2.0">
  <project timestamp="1731329525157" name="All files">
    <metrics statements="28" coveredstatements="27" conditionals="16" coveredconditionals="15" methods="9" coveredmethods="9" elements="53" coveredelements="51" complexity="0" loc="28" ncloc="28" packages="3" files="5" classes="5"/>
    <package name="fix">
      <metrics statements="6" coveredstatements="6" conditionals="2" coveredconditionals="2" methods="2" coveredmethods="2"/>
      <file name="median.js" path="/home/arslan/Desktop/module-js/module-JS2/Week-1/Module-JS2/week-1/fix/median.js">
        <metrics statements="6" coveredstatements="6" conditionals="2" coveredconditionals="2" methods="2" coveredmethods="2"/>
        <line num="6" count="11" type="stmt"/>
        <line num="7" count="4" type="stmt"/>
        <line num="8" count="4" type="cond" truecount="2" falsecount="0"/>
        <line num="9" count="3" type="stmt"/>
        <line num="11" count="1" type="stmt"/>
        <line num="14" count="1" type="stmt"/>
      </file>
    </package>
    <package name="implement">
      <metrics statements="17" coveredstatements="16" conditionals="12" coveredconditionals="11" methods="6" coveredmethods="6"/>
      <file name="dedupe.js" path="/home/arslan/Desktop/module-js/module-JS2/Week-1/Module-JS2/week-1/implement/dedupe.js">
        <metrics statements="4" coveredstatements="4" conditionals="2" coveredconditionals="2" methods="1" coveredmethods="1"/>
        <line num="2" count="6" type="cond" truecount="2" falsecount="0"/>
        <line num="3" count="1" type="stmt"/>
        <line num="5" count="5" type="stmt"/>
        <line num="7" count="1" type="stmt"/>
      </file>
      <file name="max.js" path="/home/arslan/Desktop/module-js/module-JS2/Week-1/Module-JS2/week-1/implement/max.js">
        <metrics statements="7" coveredstatements="7" conditionals="6" coveredconditionals="6" methods="2" coveredmethods="2"/>
        <line num="2" count="8" type="cond" truecount="2" falsecount="0"/>
        <line num="3" count="1" type="stmt"/>
        <line num="5" count="33" type="cond" truecount="2" falsecount="0"/>
        <line num="6" count="7" type="cond" truecount="2" falsecount="0"/>
        <line num="7" count="1" type="stmt"/>
        <line num="9" count="6" type="stmt"/>
        <line num="11" count="1" type="stmt"/>
      </file>
      <file name="sum.js" path="/home/arslan/Desktop/module-js/module-JS2/Week-1/Module-JS2/week-1/implement/sum.js">
        <metrics statements="6" coveredstatements="5" conditionals="4" coveredconditionals="3" methods="3" coveredmethods="3"/>
        <line num="2" count="14" type="cond" truecount="2" falsecount="0"/>
        <line num="3" count="10" type="stmt"/>
        <line num="4" count="5" type="cond" truecount="1" falsecount="1"/>
        <line num="5" count="0" type="stmt"/>
        <line num="7" count="5" type="stmt"/>
        <line num="9" count="1" type="stmt"/>
      </file>
    </package>
    <package name="refactor">
      <metrics statements="5" coveredstatements="5" conditionals="2" coveredconditionals="2" methods="1" coveredmethods="1"/>
      <file name="find.js" path="/home/arslan/Desktop/module-js/module-JS2/Week-1/Module-JS2/week-1/refactor/find.js">
        <metrics statements="5" coveredstatements="5" conditionals="2" coveredconditionals="2" methods="1" coveredmethods="1"/>
        <line num="4" count="5" type="stmt"/>
        <line num="5" count="15" type="cond" truecount="2" falsecount="0"/>
        <line num="6" count="1" type="stmt"/>
        <line num="9" count="4" type="stmt"/>
        <line num="11" count="1" type="stmt"/>
      </file>
    </package>
  </project>
</coverage>
