{"/home/arslan/Desktop/module-js/module-JS2/Week-1/Module-JS2/week-1/fix/median.js": {"path":"/home/arslan/Desktop/module-js/module-JS2/Week-1/Module-JS2/week-1/fix/median.js","statementMap":{"0":{"start":{"line":6,"column":21},"end":{"line":6,"column":48}},"1":{"start":{"line":6,"column":44},"end":{"line":6,"column":47}},"2":{"start":{"line":7,"column":22},"end":{"line":7,"column":49}},"3":{"start":{"line":8,"column":2},"end":{"line":12,"column":3}},"4":{"start":{"line":9,"column":4},"end":{"line":9,"column":35}},"5":{"start":{"line":11,"column":3},"end":{"line":11,"column":68}},"6":{"start":{"line":14,"column":0},"end":{"line":14,"column":33}}},"fnMap":{"0":{"name":"calculateMedian","decl":{"start":{"line":5,"column":9},"end":{"line":5,"column":24}},"loc":{"start":{"line":5,"column":31},"end":{"line":13,"column":1}},"line":5},"1":{"name":"(anonymous_1)","decl":{"start":{"line":6,"column":36},"end":{"line":6,"column":37}},"loc":{"start":{"line":6,"column":44},"end":{"line":6,"column":47}},"line":6}},"branchMap":{"0":{"loc":{"start":{"line":8,"column":2},"end":{"line":12,"column":3}},"type":"if","locations":[{"start":{"line":8,"column":2},"end":{"line":12,"column":3}},{"start":{"line":10,"column":7},"end":{"line":12,"column":3}}],"line":8}},"s":{"0":4,"1":11,"2":4,"3":4,"4":3,"5":1,"6":1},"f":{"0":4,"1":11},"b":{"0":[3,1]},"_coverageSchema":"1a1c01bbd47fc00a2c39e90264f33305004495a9","hash":"91b123f2842a8acb65f970851f3bbee07d8eb9a9"}
,"/home/arslan/Desktop/module-js/module-JS2/Week-1/Module-JS2/week-1/implement/dedupe.js": {"path":"/home/arslan/Desktop/module-js/module-JS2/Week-1/Module-JS2/week-1/implement/dedupe.js","statementMap":{"0":{"start":{"line":2,"column":4},"end":{"line":4,"column":5}},"1":{"start":{"line":3,"column":5},"end":{"line":3,"column":15}},"2":{"start":{"line":5,"column":3},"end":{"line":5,"column":28}},"3":{"start":{"line":7,"column":0},"end":{"line":7,"column":23}}},"fnMap":{"0":{"name":"dedupe","decl":{"start":{"line":1,"column":9},"end":{"line":1,"column":15}},"loc":{"start":{"line":1,"column":21},"end":{"line":6,"column":1}},"line":1}},"branchMap":{"0":{"loc":{"start":{"line":2,"column":4},"end":{"line":4,"column":5}},"type":"if","locations":[{"start":{"line":2,"column":4},"end":{"line":4,"column":5}},{"start":{},"end":{}}],"line":2}},"s":{"0":6,"1":1,"2":5,"3":1},"f":{"0":6},"b":{"0":[1,5]},"_coverageSchema":"1a1c01bbd47fc00a2c39e90264f33305004495a9","hash":"37f4d38a6ab964effd2fae82f5b2897ceb222a83"}
,"/home/arslan/Desktop/module-js/module-JS2/Week-1/Module-JS2/week-1/implement/max.js": {"path":"/home/arslan/Desktop/module-js/module-JS2/Week-1/Module-JS2/week-1/implement/max.js","statementMap":{"0":{"start":{"line":2,"column":1},"end":{"line":4,"column":2}},"1":{"start":{"line":3,"column":4},"end":{"line":3,"column":21}},"2":{"start":{"line":5,"column":20},"end":{"line":5,"column":80}},"3":{"start":{"line":5,"column":39},"end":{"line":5,"column":79}},"4":{"start":{"line":6,"column":1},"end":{"line":8,"column":2}},"5":{"start":{"line":7,"column":4},"end":{"line":7,"column":21}},"6":{"start":{"line":9,"column":1},"end":{"line":9,"column":32}},"7":{"start":{"line":11,"column":0},"end":{"line":11,"column":24}}},"fnMap":{"0":{"name":"maximum","decl":{"start":{"line":1,"column":9},"end":{"line":1,"column":16}},"loc":{"start":{"line":1,"column":21},"end":{"line":10,"column":1}},"line":1},"1":{"name":"(anonymous_1)","decl":{"start":{"line":5,"column":31},"end":{"line":5,"column":32}},"loc":{"start":{"line":5,"column":39},"end":{"line":5,"column":79}},"line":5}},"branchMap":{"0":{"loc":{"start":{"line":2,"column":1},"end":{"line":4,"column":2}},"type":"if","locations":[{"start":{"line":2,"column":1},"end":{"line":4,"column":2}},{"start":{},"end":{}}],"line":2},"1":{"loc":{"start":{"line":5,"column":39},"end":{"line":5,"column":79}},"type":"binary-expr","locations":[{"start":{"line":5,"column":39},"end":{"line":5,"column":63}},{"start":{"line":5,"column":67},"end":{"line":5,"column":79}}],"line":5},"2":{"loc":{"start":{"line":6,"column":1},"end":{"line":8,"column":2}},"type":"if","locations":[{"start":{"line":6,"column":1},"end":{"line":8,"column":2}},{"start":{},"end":{}}],"line":6}},"s":{"0":8,"1":1,"2":7,"3":33,"4":7,"5":1,"6":6,"7":1},"f":{"0":8,"1":33},"b":{"0":[1,7],"1":[33,19],"2":[1,6]},"_coverageSchema":"1a1c01bbd47fc00a2c39e90264f33305004495a9","hash":"703797d24b648401f2e41403f4d04156ae7e14b8"}
,"/home/arslan/Desktop/module-js/module-JS2/Week-1/Module-JS2/week-1/implement/sum.js": {"path":"/home/arslan/Desktop/module-js/module-JS2/Week-1/Module-JS2/week-1/implement/sum.js","statementMap":{"0":{"start":{"line":2,"column":25},"end":{"line":2,"column":85}},"1":{"start":{"line":2,"column":44},"end":{"line":2,"column":84}},"2":{"start":{"line":3,"column":20},"end":{"line":3,"column":53}},"3":{"start":{"line":3,"column":47},"end":{"line":3,"column":50}},"4":{"start":{"line":4,"column":4},"end":{"line":6,"column":5}},"5":{"start":{"line":5,"column":8},"end":{"line":5,"column":20}},"6":{"start":{"line":7,"column":4},"end":{"line":7,"column":18}},"7":{"start":{"line":9,"column":0},"end":{"line":9,"column":21}}},"fnMap":{"0":{"name":"sum","decl":{"start":{"line":1,"column":9},"end":{"line":1,"column":12}},"loc":{"start":{"line":1,"column":17},"end":{"line":8,"column":1}},"line":1},"1":{"name":"(anonymous_1)","decl":{"start":{"line":2,"column":36},"end":{"line":2,"column":37}},"loc":{"start":{"line":2,"column":44},"end":{"line":2,"column":84}},"line":2},"2":{"name":"(anonymous_2)","decl":{"start":{"line":3,"column":40},"end":{"line":3,"column":41}},"loc":{"start":{"line":3,"column":47},"end":{"line":3,"column":50}},"line":3}},"branchMap":{"0":{"loc":{"start":{"line":2,"column":44},"end":{"line":2,"column":84}},"type":"binary-expr","locations":[{"start":{"line":2,"column":44},"end":{"line":2,"column":68}},{"start":{"line":2,"column":72},"end":{"line":2,"column":84}}],"line":2},"1":{"loc":{"start":{"line":4,"column":4},"end":{"line":6,"column":5}},"type":"if","locations":[{"start":{"line":4,"column":4},"end":{"line":6,"column":5}},{"start":{},"end":{}}],"line":4}},"s":{"0":5,"1":14,"2":5,"3":10,"4":5,"5":0,"6":5,"7":1},"f":{"0":5,"1":14,"2":10},"b":{"0":[14,10],"1":[0,5]},"_coverageSchema":"1a1c01bbd47fc00a2c39e90264f33305004495a9","hash":"087d6e6974794459386aa1836b368a8dd20cdab2"}
,"/home/arslan/Desktop/module-js/module-JS2/Week-1/Module-JS2/week-1/refactor/find.js": {"path":"/home/arslan/Desktop/module-js/module-JS2/Week-1/Module-JS2/week-1/refactor/find.js","statementMap":{"0":{"start":{"line":4,"column":2},"end":{"line":8,"column":3}},"1":{"start":{"line":5,"column":4},"end":{"line":7,"column":5}},"2":{"start":{"line":6,"column":6},"end":{"line":6,"column":19}},"3":{"start":{"line":9,"column":2},"end":{"line":9,"column":12}},"4":{"start":{"line":11,"column":0},"end":{"line":11,"column":22}}},"fnMap":{"0":{"name":"find","decl":{"start":{"line":3,"column":9},"end":{"line":3,"column":13}},"loc":{"start":{"line":3,"column":28},"end":{"line":10,"column":1}},"line":3}},"branchMap":{"0":{"loc":{"start":{"line":5,"column":4},"end":{"line":7,"column":5}},"type":"if","locations":[{"start":{"line":5,"column":4},"end":{"line":7,"column":5}},{"start":{},"end":{}}],"line":5}},"s":{"0":5,"1":15,"2":1,"3":4,"4":1},"f":{"0":5},"b":{"0":[1,14]},"_coverageSchema":"1a1c01bbd47fc00a2c39e90264f33305004495a9","hash":"6c54e8785363301f1bba8d2a957b39fc107b037a"}
}
