TN:
SF:week-1/fix/median.js
FN:5,calculateMedian
FN:6,(anonymous_1)
FNF:2
FNH:2
FNDA:4,calculateMedian
FNDA:11,(anonymous_1)
DA:6,11
DA:7,4
DA:8,4
DA:9,3
DA:11,1
DA:14,1
LF:6
LH:6
BRDA:8,0,0,3
BRDA:8,0,1,1
BRF:2
BRH:2
end_of_record
TN:
SF:week-1/implement/dedupe.js
FN:1,dedupe
FNF:1
FNH:1
FNDA:6,dedupe
DA:2,6
DA:3,1
DA:5,5
DA:7,1
LF:4
LH:4
BRDA:2,0,0,1
BRDA:2,0,1,5
BRF:2
BRH:2
end_of_record
TN:
SF:week-1/implement/max.js
FN:1,maximum
FN:5,(anonymous_1)
FNF:2
FNH:2
FNDA:8,maximum
FNDA:33,(anonymous_1)
DA:2,8
DA:3,1
DA:5,33
DA:6,7
DA:7,1
DA:9,6
DA:11,1
LF:7
LH:7
BRDA:2,0,0,1
BRDA:2,0,1,7
BRDA:5,1,0,33
BRDA:5,1,1,19
BRDA:6,2,0,1
BRDA:6,2,1,6
BRF:6
BRH:6
end_of_record
TN:
SF:week-1/implement/sum.js
FN:1,sum
FN:2,(anonymous_1)
FN:3,(anonymous_2)
FNF:3
FNH:3
FNDA:5,sum
FNDA:14,(anonymous_1)
FNDA:10,(anonymous_2)
DA:2,14
DA:3,10
DA:4,5
DA:5,0
DA:7,5
DA:9,1
LF:6
LH:5
BRDA:2,0,0,14
BRDA:2,0,1,10
BRDA:4,1,0,0
BRDA:4,1,1,5
BRF:4
BRH:3
end_of_record
TN:
SF:week-1/refactor/find.js
FN:3,find
FNF:1
FNH:1
FNDA:5,find
DA:4,5
DA:5,15
DA:6,1
DA:9,4
DA:11,1
LF:5
LH:5
BRDA:5,0,0,1
BRDA:5,0,1,14
BRF:2
BRH:2
end_of_record
